<?xml version="1.0" encoding="UTF-8"?>
<testng-results ignored="0" total="1" passed="1" failed="0" skipped="0">
  <reporter-output>
  </reporter-output>
  <suite started-at="2020-10-20T22:47:13 EDT" name="Default suite" finished-at="2020-10-20T22:48:41 EDT" duration-ms="88783">
    <groups>
    </groups>
    <test started-at="2020-10-20T22:47:13 EDT" name="Default test" finished-at="2020-10-20T22:48:41 EDT" duration-ms="88783">
      <class name="com.org.learningMaven.myMavenProject2.FWA_131">
        <test-method is-config="true" signature="openFreshiiBrowser()[pri:0, instance:com.org.learningMaven.myMavenProject2.FWA_131@290d210d]" started-at="2020-10-20T22:47:13 EDT" name="openFreshiiBrowser" finished-at="2020-10-20T22:47:17 EDT" duration-ms="4106" status="PASS">
          <reporter-output>
          </reporter-output>
        </test-method> <!-- openFreshiiBrowser -->
        <test-method is-config="true" signature="checkTitleMatch()[pri:0, instance:com.org.learningMaven.myMavenProject2.FWA_131@290d210d]" started-at="2020-10-20T22:47:17 EDT" name="checkTitleMatch" finished-at="2020-10-20T22:47:17 EDT" duration-ms="146" status="PASS">
          <reporter-output>
          </reporter-output>
        </test-method> <!-- checkTitleMatch -->
        <test-method signature="addPaymentMethodWhilePlacingOrders()[pri:0, instance:com.org.learningMaven.myMavenProject2.FWA_131@290d210d]" started-at="2020-10-20T22:47:17 EDT" name="addPaymentMethodWhilePlacingOrders" finished-at="2020-10-20T22:48:41 EDT" duration-ms="84290" status="PASS">
          <reporter-output>
          </reporter-output>
        </test-method> <!-- addPaymentMethodWhilePlacingOrders -->
        <test-method is-config="true" signature="quitFreshiiApp()[pri:0, instance:com.org.learningMaven.myMavenProject2.FWA_131@290d210d]" started-at="2020-10-20T22:48:41 EDT" name="quitFreshiiApp" finished-at="2020-10-20T22:48:41 EDT" duration-ms="145" status="PASS">
          <reporter-output>
          </reporter-output>
        </test-method> <!-- quitFreshiiApp -->
      </class> <!-- com.org.learningMaven.myMavenProject2.FWA_131 -->
    </test> <!-- Default test -->
  </suite> <!-- Default suite -->
</testng-results>
