<?xml version="1.0" encoding="UTF-8"?>
<testng-results ignored="0" total="1" passed="1" failed="0" skipped="0">
  <reporter-output>
  </reporter-output>
  <suite started-at="2020-10-24T19:26:06 EDT" name="Default suite" finished-at="2020-10-24T19:26:45 EDT" duration-ms="38965">
    <groups>
    </groups>
    <test started-at="2020-10-24T19:26:06 EDT" name="Default test" finished-at="2020-10-24T19:26:45 EDT" duration-ms="38965">
      <class name="com.org.learningMaven.myMavenProject2.FWA_135">
        <test-method is-config="true" signature="openFreshiiBrowser()[pri:0, instance:com.org.learningMaven.myMavenProject2.FWA_135@3c947bc5]" started-at="2020-10-24T19:26:06 EDT" name="openFreshiiBrowser" finished-at="2020-10-24T19:26:13 EDT" duration-ms="7187" status="PASS">
          <reporter-output>
          </reporter-output>
        </test-method> <!-- openFreshiiBrowser -->
        <test-method is-config="true" signature="checkTitleMatch()[pri:0, instance:com.org.learningMaven.myMavenProject2.FWA_135@3c947bc5]" started-at="2020-10-24T19:26:13 EDT" name="checkTitleMatch" finished-at="2020-10-24T19:26:13 EDT" duration-ms="11" status="PASS">
          <reporter-output>
          </reporter-output>
        </test-method> <!-- checkTitleMatch -->
        <test-method signature="referralBonusOfWhoReferred()[pri:0, instance:com.org.learningMaven.myMavenProject2.FWA_135@3c947bc5]" started-at="2020-10-24T19:26:13 EDT" name="referralBonusOfWhoReferred" finished-at="2020-10-24T19:26:44 EDT" duration-ms="30960" status="PASS">
          <reporter-output>
          </reporter-output>
        </test-method> <!-- referralBonusOfWhoReferred -->
        <test-method is-config="true" signature="quitFreshiiApp()[pri:0, instance:com.org.learningMaven.myMavenProject2.FWA_135@3c947bc5]" started-at="2020-10-24T19:26:44 EDT" name="quitFreshiiApp" finished-at="2020-10-24T19:26:45 EDT" duration-ms="770" status="PASS">
          <reporter-output>
          </reporter-output>
        </test-method> <!-- quitFreshiiApp -->
      </class> <!-- com.org.learningMaven.myMavenProject2.FWA_135 -->
    </test> <!-- Default test -->
  </suite> <!-- Default suite -->
</testng-results>
